<?xml version="1.0" encoding="UTF-8"?>
<!-- Generated by org.testng.reporters.JUnitReportReporter -->
<testsuite skipped="0" hostname="BDC6-DX-6B88NK2" name="seleniumdemos.newtest4" tests="3" failures="0" timestamp="27 Aug 2019 05:33:24 GMT" time="0.015" errors="0">
  <testcase name="testTwitter" time="0.009" classname="seleniumdemos.newtest4"/>
  <testcase name="testFacebook" time="0.003" classname="seleniumdemos.newtest4"/>
  <testcase name="testGoogle" time="0.003" classname="seleniumdemos.newtest4"/>
</testsuite> <!-- seleniumdemos.newtest4 -->
