<?xml version="1.0" encoding="UTF-8"?>
<!-- Generated by org.testng.reporters.JUnitReportReporter -->
<testsuite skipped="0" hostname="BDC6-DX-6B88NK2" name="seleniumdemos.NewTest2" tests="2" failures="0" timestamp="27 Aug 2019 05:33:24 GMT" time="0.029" errors="0">
  <testcase name="f" time="0.016" classname="seleniumdemos.NewTest2"/>
  <testcase name="f1" time="0.013" classname="seleniumdemos.NewTest2"/>
</testsuite> <!-- seleniumdemos.NewTest2 -->
