<?xml version="1.0" encoding="UTF-8"?>
<!-- Generated by org.testng.reporters.JUnitReportReporter -->
<testsuite skipped="0" hostname="BDC6-DX-6B88NK2" name="seleniumdemos.NewTest" tests="1" failures="0" timestamp="27 Aug 2019 05:10:52 GMT" time="0.007" errors="0">
  <testcase name="f" time="0.007" classname="seleniumdemos.NewTest"/>
</testsuite> <!-- seleniumdemos.NewTest -->
