<?xml version="1.0" encoding="UTF-8"?>
<!-- Generated by org.testng.reporters.JUnitReportReporter -->
<testsuite skipped="0" hostname="BDC6-DX-6B88NK2" name="seleniumdemos.test1" tests="2" failures="0" timestamp="27 Aug 2019 05:10:52 GMT" time="0.017" errors="0">
  <testcase name="testLogin" time="0.015" classname="seleniumdemos.test1"/>
  <testcase name="testLogin" time="0.002" classname="seleniumdemos.test1"/>
</testsuite> <!-- seleniumdemos.test1 -->
