<?xml version="1.0" encoding="UTF-8"?>
<!-- Generated by org.testng.reporters.JUnitReportReporter -->
<testsuite skipped="0" hostname="BDC6-DX-6B88NK2" name="day2_work.TestClass02" tests="2" failures="0" timestamp="27 Aug 2019 06:36:41 GMT" time="0.005" errors="0">
  <testcase name="tmethod3" time="0.002" classname="day2_work.TestClass02"/>
  <testcase name="tmethod4" time="0.003" classname="day2_work.TestClass02"/>
</testsuite> <!-- day2_work.TestClass02 -->
