<?xml version="1.0" encoding="UTF-8"?>
<!-- Generated by org.testng.reporters.JUnitReportReporter -->
<testsuite skipped="0" hostname="BDC6-DX-6B88NK2" name="day2_work.TestClass01" tests="3" failures="0" timestamp="27 Aug 2019 06:36:41 GMT" time="0.021" errors="0">
  <testcase name="tmethod2" time="0.008" classname="day2_work.TestClass01"/>
  <testcase name="tmethod1" time="0.002" classname="day2_work.TestClass01"/>
  <testcase name="tmethod5" time="0.011" classname="day2_work.TestClass01"/>
</testsuite> <!-- day2_work.TestClass01 -->
