<?xml version="1.0" encoding="UTF-8"?>
<!-- Generated by org.testng.reporters.JUnitReportReporter -->
<testsuite skipped="0" hostname="BDC6-DX-6B88NK2" name="pack1.test7" tests="1" failures="0" timestamp="29 Aug 2019 04:19:46 GMT" time="4.866" errors="0">
  <testcase name="writeExcel" time="4.866" classname="pack1.test7"/>
</testsuite> <!-- pack1.test7 -->
