<?xml version="1.0" encoding="UTF-8"?>
<!-- Generated by org.testng.reporters.JUnitReportReporter -->
<testsuite skipped="0" hostname="BDC6-DX-6B88NK2" name="pack1.test1" tests="1" failures="0" timestamp="28 Aug 2019 06:16:20 GMT" time="5.209" errors="0">
  <testcase name="testMethod" time="5.209" classname="pack1.test1"/>
</testsuite> <!-- pack1.test1 -->
