<?xml version="1.0" encoding="UTF-8"?>
<!-- Generated by org.testng.reporters.JUnitReportReporter -->
<testsuite skipped="1" hostname="BDC6-DX-6B88NK2" name="pack3.Test2" tests="1" failures="0" timestamp="29 Aug 2019 10:22:56 GMT" time="0.000" errors="0">
  <testcase name="testLogin" time="0.000" classname="pack3.Test2">
    <skipped/>
  </testcase> <!-- testLogin -->
</testsuite> <!-- pack3.Test2 -->
