<?xml version="1.0" encoding="UTF-8"?>
<!-- Generated by org.testng.reporters.JUnitReportReporter -->
<testsuite skipped="0" hostname="BDC6-DX-6B88NK2" name="pack3.Test1" tests="2" failures="0" timestamp="30 Aug 2019 08:56:55 GMT" time="9.543" errors="0">
  <testcase name="testRegistration" time="2.678" classname="pack3.Test1"/>
  <testcase name="testLogin" time="6.865" classname="pack3.Test1"/>
</testsuite> <!-- pack3.Test1 -->
