<?xml version="1.0" encoding="UTF-8"?>
<!-- Generated by org.testng.reporters.JUnitReportReporter -->
<testsuite skipped="0" hostname="BDC6-DX-6B88NK2" name="pack1.test6" tests="2" failures="0" timestamp="28 Aug 2019 11:24:35 GMT" time="6.163" errors="0">
  <testcase name="testLogin" time="4.752" classname="pack1.test6"/>
  <testcase name="testLogin" time="1.411" classname="pack1.test6"/>
</testsuite> <!-- pack1.test6 -->
