<?xml version="1.0" encoding="UTF-8"?>
<!-- Generated by org.testng.reporters.JUnitReportReporter -->
<testsuite skipped="0" hostname="BDC6-DX-6B88NK2" name="pack1.NewTest1" tests="1" failures="0" timestamp="27 Aug 2019 10:34:27 GMT" time="5.362" errors="0">
  <testcase name="openApplication" time="5.362" classname="pack1.NewTest1"/>
</testsuite> <!-- pack1.NewTest1 -->
