<?xml version="1.0" encoding="UTF-8"?>
<!-- Generated by org.testng.reporters.JUnitReportReporter -->
<testsuite skipped="0" hostname="BDC6-DX-6B88NK2" name="pack1.test3" tests="1" failures="0" timestamp="28 Aug 2019 07:26:06 GMT" time="0.815" errors="0">
  <testcase name="testMethod" time="0.815" classname="pack1.test3"/>
</testsuite> <!-- pack1.test3 -->
