<?xml version="1.0" encoding="UTF-8"?>
<!-- Generated by org.testng.reporters.JUnitReportReporter -->
<testsuite skipped="0" hostname="BDC6-DX-6B88NK2" name="pack1.test4" tests="1" failures="0" timestamp="28 Aug 2019 09:48:06 GMT" time="36.915" errors="0">
  <testcase name="testMethod" time="36.915" classname="pack1.test4"/>
</testsuite> <!-- pack1.test4 -->
