<?xml version="1.0" encoding="UTF-8"?>
<!-- Generated by org.testng.reporters.JUnitReportReporter -->
<testsuite skipped="0" hostname="BDC6-DX-6B88NK2" name="pack1.test5" tests="1" failures="0" timestamp="28 Aug 2019 10:43:13 GMT" time="1.064" errors="0">
  <testcase name="testExcel" time="1.064" classname="pack1.test5"/>
</testsuite> <!-- pack1.test5 -->
