<?xml version="1.0" encoding="UTF-8"?>
<!-- Generated by org.testng.reporters.JUnitReportReporter -->
<testsuite skipped="0" hostname="BDC6-DX-6B88NK2" name="pack1.test2" tests="1" failures="0" timestamp="28 Aug 2019 06:41:13 GMT" time="3.692" errors="0">
  <testcase name="testMethod" time="3.692" classname="pack1.test2"/>
</testsuite> <!-- pack1.test2 -->
