<?xml version="1.0" encoding="UTF-8"?>
<!-- Generated by org.testng.reporters.JUnitReportReporter -->
<testsuite skipped="0" hostname="BDC6-DX-6B88NK2" name="pack1.NewTest2" tests="1" failures="0" timestamp="28 Aug 2019 05:07:14 GMT" time="4.221" errors="0">
  <testcase name="testMethod" time="4.221" classname="pack1.NewTest2"/>
</testsuite> <!-- pack1.NewTest2 -->
