<?xml version="1.0" encoding="UTF-8"?>
<!-- Generated by org.testng.reporters.JUnitReportReporter -->
<testsuite skipped="0" hostname="BDC6-DX-6B88NK2" name="pack1.NewTest" tests="1" failures="0" timestamp="27 Aug 2019 11:26:47 GMT" time="5.598" errors="0">
  <testcase name="testLogin" time="5.598" classname="pack1.NewTest"/>
</testsuite> <!-- pack1.NewTest -->
